build/app/intermediates/manifest_merge_blame_file/release/processReleaseMainManifest/manifest-merger-blame-release-report.txt
1<?xml version="1.0" encoding="utf-8"?>
2<manifest xmlns:android="http://schemas.android.com/apk/res/android"
3    package="com.example.language_learning_app"
4    android:versionCode="1"
5    android:versionName="1.0.0" >
6
7    <uses-sdk
8        android:minSdkVersion="23"
9        android:targetSdkVersion="35" />
10
11    <uses-permission android:name="android.permission.INTERNET" />
11-->src/main/AndroidManifest.xml:2:1-62
11-->src/main/AndroidManifest.xml:2:18-60
12    <uses-permission android:name="android.permission.READ_PHONE_STATE" />
12-->src/main/AndroidManifest.xml:3:1-70
12-->src/main/AndroidManifest.xml:3:18-68
13    <uses-permission android:name="android.permission.RECORD_AUDIO" />
13-->src/main/AndroidManifest.xml:4:1-67
13-->src/main/AndroidManifest.xml:4:18-64
14    <uses-permission android:name="android.permission.CAMERA" />
14-->src/main/AndroidManifest.xml:5:1-61
14-->src/main/AndroidManifest.xml:5:18-58
15    <uses-permission android:name="android.permission.MODIFY_AUDIO_SETTINGS" />
15-->src/main/AndroidManifest.xml:6:1-76
15-->src/main/AndroidManifest.xml:6:18-73
16    <uses-permission android:name="android.permission.ACCESS_WIFI_STATE" />
16-->src/main/AndroidManifest.xml:7:1-72
16-->src/main/AndroidManifest.xml:7:18-69
17    <uses-permission android:name="android.permission.ACCESS_NETWORK_STATE" />
17-->src/main/AndroidManifest.xml:8:1-75
17-->src/main/AndroidManifest.xml:8:18-72
18
19    <queries>
19-->src/main/AndroidManifest.xml:36:5-41:15
20        <intent>
20-->src/main/AndroidManifest.xml:37:9-40:18
21            <action android:name="android.intent.action.PROCESS_TEXT" />
21-->src/main/AndroidManifest.xml:38:13-72
21-->src/main/AndroidManifest.xml:38:21-70
22
23            <data android:mimeType="text/plain" />
23-->src/main/AndroidManifest.xml:39:13-50
23-->src/main/AndroidManifest.xml:39:19-48
24        </intent>
25        <!-- Added to check the default browser that will host the AuthFlow. -->
26        <intent>
26-->[com.stripe:financial-connections:20.34.4] AndroidManifest.xml:13:9-17:18
27            <action android:name="android.intent.action.VIEW" />
27-->[com.stripe:financial-connections:20.34.4] AndroidManifest.xml:14:13-65
27-->[com.stripe:financial-connections:20.34.4] AndroidManifest.xml:14:21-62
28
29            <data android:scheme="http" />
29-->src/main/AndroidManifest.xml:39:13-50
30        </intent> <!-- Added to check if Chrome is installed for browser-based payment authentication (e.g. 3DS1). -->
31        <package android:name="com.android.chrome" /> <!-- Needs to be explicitly declared on Android R+ -->
31-->[com.stripe:payments-core:20.34.4] AndroidManifest.xml:11:9-54
31-->[com.stripe:payments-core:20.34.4] AndroidManifest.xml:11:18-51
32        <package android:name="com.google.android.apps.maps" />
32-->[com.google.android.gms:play-services-maps:18.0.2] AndroidManifest.xml:33:9-64
32-->[com.google.android.gms:play-services-maps:18.0.2] AndroidManifest.xml:33:18-61
33    </queries>
34
35    <uses-permission android:name="android.permission.WAKE_LOCK" /> <!-- Permissions options for the `notification` group -->
35-->[:firebase_messaging] AndroidManifest.xml:8:5-68
35-->[:firebase_messaging] AndroidManifest.xml:8:22-65
36    <uses-permission android:name="android.permission.POST_NOTIFICATIONS" /> <!-- Required by older versions of Google Play services to create IID tokens -->
36-->[:firebase_messaging] AndroidManifest.xml:11:5-77
36-->[:firebase_messaging] AndroidManifest.xml:11:22-74
37    <uses-permission android:name="com.google.android.c2dm.permission.RECEIVE" />
37-->[com.google.firebase:firebase-messaging:24.1.1] AndroidManifest.xml:26:5-82
37-->[com.google.firebase:firebase-messaging:24.1.1] AndroidManifest.xml:26:22-79
38    <uses-permission android:name="android.permission.VIBRATE" /> <!-- The Agora SDK requires Bluetooth permissions in case users are using Bluetooth devices. -->
38-->[:flutter_local_notifications] AndroidManifest.xml:7:5-66
38-->[:flutter_local_notifications] AndroidManifest.xml:7:22-63
39    <uses-permission android:name="android.permission.BLUETOOTH" /> <!-- For Android 12 and above devices, the following permission is also required. -->
39-->[:agora_rtc_engine] AndroidManifest.xml:17:5-68
39-->[:agora_rtc_engine] AndroidManifest.xml:17:22-65
40    <uses-permission android:name="android.permission.BLUETOOTH_CONNECT" />
40-->[:agora_rtc_engine] AndroidManifest.xml:19:5-76
40-->[:agora_rtc_engine] AndroidManifest.xml:19:22-73
41    <uses-permission android:name="com.google.android.providers.gsf.permission.READ_GSERVICES" />
41-->[com.google.android.recaptcha:recaptcha:18.6.1] AndroidManifest.xml:9:5-98
41-->[com.google.android.recaptcha:recaptcha:18.6.1] AndroidManifest.xml:9:22-95
42
43    <uses-feature
43-->[com.google.android.gms:play-services-maps:18.0.2] AndroidManifest.xml:26:5-28:35
44        android:glEsVersion="0x00020000"
44-->[com.google.android.gms:play-services-maps:18.0.2] AndroidManifest.xml:27:9-41
45        android:required="true" />
45-->[com.google.android.gms:play-services-maps:18.0.2] AndroidManifest.xml:28:9-32
46
47    <permission
47-->[androidx.core:core:1.13.1] AndroidManifest.xml:22:5-24:47
48        android:name="com.example.language_learning_app.DYNAMIC_RECEIVER_NOT_EXPORTED_PERMISSION"
48-->[androidx.core:core:1.13.1] AndroidManifest.xml:23:9-81
49        android:protectionLevel="signature" />
49-->[androidx.core:core:1.13.1] AndroidManifest.xml:24:9-44
50
51    <uses-permission android:name="com.example.language_learning_app.DYNAMIC_RECEIVER_NOT_EXPORTED_PERMISSION" />
51-->[androidx.core:core:1.13.1] AndroidManifest.xml:26:5-97
51-->[androidx.core:core:1.13.1] AndroidManifest.xml:26:22-94
52    <uses-permission android:name="android.permission.FOREGROUND_SERVICE" />
52-->[io.agora.rtc:full-screen-sharing:4.5.1] AndroidManifest.xml:7:5-77
52-->[io.agora.rtc:full-screen-sharing:4.5.1] AndroidManifest.xml:7:22-74
53    <uses-permission android:name="android.permission.FOREGROUND_SERVICE_MEDIA_PROJECTION" />
53-->[io.agora.rtc:full-screen-sharing:4.5.1] AndroidManifest.xml:8:5-94
53-->[io.agora.rtc:full-screen-sharing:4.5.1] AndroidManifest.xml:8:22-91
54
55    <application
55-->src/main/AndroidManifest.xml:10:5-35:19
56        android:appComponentFactory="androidx.core.app.CoreComponentFactory"
56-->[androidx.core:core:1.13.1] AndroidManifest.xml:28:18-86
57        android:enableOnBackInvokedCallback="true"
57-->src/main/AndroidManifest.xml:13:9-51
58        android:extractNativeLibs="false"
59        android:hardwareAccelerated="true"
59-->src/main/AndroidManifest.xml:12:9-43
60        android:icon="@mipmap/launcher_icon"
60-->src/main/AndroidManifest.xml:14:9-45
61        android:label="language_learning_app"
61-->src/main/AndroidManifest.xml:11:9-46
62        android:theme="@style/AppTheme" >
62-->src/main/AndroidManifest.xml:15:9-40
63        <activity
63-->src/main/AndroidManifest.xml:16:9-31:20
64            android:name="com.example.language_learning_app.MainActivity"
64-->src/main/AndroidManifest.xml:17:13-41
65            android:configChanges="orientation|keyboardHidden|keyboard|screenSize|smallestScreenSize|locale|layoutDirection|fontScale|screenLayout|density|uiMode"
65-->src/main/AndroidManifest.xml:21:13-163
66            android:exported="true"
66-->src/main/AndroidManifest.xml:18:13-36
67            android:hardwareAccelerated="true"
67-->src/main/AndroidManifest.xml:22:13-47
68            android:launchMode="singleTop"
68-->src/main/AndroidManifest.xml:19:13-43
69            android:theme="@style/AppTheme"
69-->src/main/AndroidManifest.xml:20:13-44
70            android:windowSoftInputMode="adjustResize" >
70-->src/main/AndroidManifest.xml:23:13-55
71            <meta-data
71-->src/main/AndroidManifest.xml:24:13-26:54
72                android:name="io.flutter.embedding.android.NormalTheme"
72-->src/main/AndroidManifest.xml:25:17-72
73                android:resource="@style/AppTheme" />
73-->src/main/AndroidManifest.xml:26:17-51
74
75            <intent-filter>
75-->src/main/AndroidManifest.xml:27:13-30:29
76                <action android:name="android.intent.action.MAIN" />
76-->src/main/AndroidManifest.xml:28:17-68
76-->src/main/AndroidManifest.xml:28:25-66
77
78                <category android:name="android.intent.category.LAUNCHER" />
78-->src/main/AndroidManifest.xml:29:17-76
78-->src/main/AndroidManifest.xml:29:27-74
79            </intent-filter>
80        </activity>
81
82        <meta-data
82-->src/main/AndroidManifest.xml:32:9-34:33
83            android:name="flutterEmbedding"
83-->src/main/AndroidManifest.xml:33:13-44
84            android:value="2" />
84-->src/main/AndroidManifest.xml:34:13-30
85
86        <activity
86-->[com.stripe:financial-connections:20.34.4] AndroidManifest.xml:21:9-65:20
87            android:name="com.stripe.android.financialconnections.FinancialConnectionsSheetRedirectActivity"
87-->[com.stripe:financial-connections:20.34.4] AndroidManifest.xml:22:13-109
88            android:exported="true"
88-->[com.stripe:financial-connections:20.34.4] AndroidManifest.xml:23:13-36
89            android:launchMode="singleTask" >
89-->[com.stripe:financial-connections:20.34.4] AndroidManifest.xml:24:13-44
90            <intent-filter>
90-->[com.stripe:financial-connections:20.34.4] AndroidManifest.xml:25:13-64:29
91                <action android:name="android.intent.action.VIEW" />
91-->[com.stripe:financial-connections:20.34.4] AndroidManifest.xml:14:13-65
91-->[com.stripe:financial-connections:20.34.4] AndroidManifest.xml:14:21-62
92
93                <category android:name="android.intent.category.DEFAULT" />
93-->[com.stripe:financial-connections:20.34.4] AndroidManifest.xml:28:17-76
93-->[com.stripe:financial-connections:20.34.4] AndroidManifest.xml:28:27-73
94                <category android:name="android.intent.category.BROWSABLE" />
94-->[com.stripe:financial-connections:20.34.4] AndroidManifest.xml:29:17-78
94-->[com.stripe:financial-connections:20.34.4] AndroidManifest.xml:29:27-75
95
96                <!-- Returning from app2app: return_url is triggered to reopen web AuthFlow and poll accounts. -->
97                <data
97-->src/main/AndroidManifest.xml:39:13-50
98                    android:host="link-accounts"
99                    android:pathPrefix="/com.example.language_learning_app/authentication_return"
100                    android:scheme="stripe-auth" />
101
102                <!-- Returning from app2app: return_url is triggered to reopen native AuthFlow and poll accounts. -->
103                <data
103-->src/main/AndroidManifest.xml:39:13-50
104                    android:host="link-native-accounts"
105                    android:pathPrefix="/com.example.language_learning_app/authentication_return"
106                    android:scheme="stripe-auth" />
107
108                <!-- End of web AuthFlow success and cancel URIs that begin with "stripe-auth://link-accounts/{app-id}/...” -->
109                <data
109-->src/main/AndroidManifest.xml:39:13-50
110                    android:host="link-accounts"
111                    android:path="/com.example.language_learning_app/success"
112                    android:scheme="stripe-auth" />
113                <data
113-->src/main/AndroidManifest.xml:39:13-50
114                    android:host="link-accounts"
115                    android:path="/com.example.language_learning_app/cancel"
116                    android:scheme="stripe-auth" />
117
118                <!-- Opening app2app: Web flow triggers stripe-auth://native-redirect/{app-id}/http://web-that-redirects-to-native -->
119                <data
119-->src/main/AndroidManifest.xml:39:13-50
120                    android:host="native-redirect"
121                    android:pathPrefix="/com.example.language_learning_app"
122                    android:scheme="stripe-auth" />
123
124                <!-- Accepts success/cancel/fail URIs that begin with "stripe://auth-redirect” -->
125                <data
125-->src/main/AndroidManifest.xml:39:13-50
126                    android:host="auth-redirect"
127                    android:pathPrefix="/com.example.language_learning_app"
128                    android:scheme="stripe" />
129            </intent-filter>
130        </activity>
131        <activity
131-->[com.stripe:financial-connections:20.34.4] AndroidManifest.xml:66:9-69:57
132            android:name="com.stripe.android.financialconnections.FinancialConnectionsSheetActivity"
132-->[com.stripe:financial-connections:20.34.4] AndroidManifest.xml:67:13-101
133            android:exported="false"
133-->[com.stripe:financial-connections:20.34.4] AndroidManifest.xml:68:13-37
134            android:theme="@style/StripeDefaultTheme" />
134-->[com.stripe:financial-connections:20.34.4] AndroidManifest.xml:69:13-54
135        <activity
135-->[com.stripe:financial-connections:20.34.4] AndroidManifest.xml:70:9-74:58
136            android:name="com.stripe.android.financialconnections.ui.FinancialConnectionsSheetNativeActivity"
136-->[com.stripe:financial-connections:20.34.4] AndroidManifest.xml:71:13-110
137            android:exported="false"
137-->[com.stripe:financial-connections:20.34.4] AndroidManifest.xml:72:13-37
138            android:theme="@style/StripeDefaultTheme"
138-->[com.stripe:financial-connections:20.34.4] AndroidManifest.xml:73:13-54
139            android:windowSoftInputMode="adjustResize" />
139-->[com.stripe:financial-connections:20.34.4] AndroidManifest.xml:74:13-55
140
141        <provider
141-->[com.stripe:financial-connections:20.34.4] AndroidManifest.xml:76:9-80:43
142            android:name="com.stripe.android.financialconnections.appinitializer.FinancialConnectionsInitializer"
142-->[com.stripe:financial-connections:20.34.4] AndroidManifest.xml:77:13-114
143            android:authorities="com.example.language_learning_app.financialconnections-init"
143-->[com.stripe:financial-connections:20.34.4] AndroidManifest.xml:78:13-77
144            android:exported="false"
144-->[com.stripe:financial-connections:20.34.4] AndroidManifest.xml:79:13-37
145            android:multiprocess="true" />
145-->[com.stripe:financial-connections:20.34.4] AndroidManifest.xml:80:13-40
146
147        <activity
147-->[com.stripe:paymentsheet:20.34.4] AndroidManifest.xml:8:9-12:58
148            android:name="com.stripe.android.paymentsheet.PaymentSheetActivity"
148-->[com.stripe:paymentsheet:20.34.4] AndroidManifest.xml:9:13-80
149            android:exported="false"
149-->[com.stripe:paymentsheet:20.34.4] AndroidManifest.xml:10:13-37
150            android:theme="@style/StripePaymentSheetDefaultTheme"
150-->[com.stripe:paymentsheet:20.34.4] AndroidManifest.xml:11:13-66
151            android:windowSoftInputMode="adjustResize" />
151-->[com.stripe:paymentsheet:20.34.4] AndroidManifest.xml:12:13-55
152        <activity
152-->[com.stripe:paymentsheet:20.34.4] AndroidManifest.xml:13:9-17:58
153            android:name="com.stripe.android.paymentsheet.PaymentOptionsActivity"
153-->[com.stripe:paymentsheet:20.34.4] AndroidManifest.xml:14:13-82
154            android:exported="false"
154-->[com.stripe:paymentsheet:20.34.4] AndroidManifest.xml:15:13-37
155            android:theme="@style/StripePaymentSheetDefaultTheme"
155-->[com.stripe:paymentsheet:20.34.4] AndroidManifest.xml:16:13-66
156            android:windowSoftInputMode="adjustResize" />
156-->[com.stripe:paymentsheet:20.34.4] AndroidManifest.xml:17:13-55
157        <activity
157-->[com.stripe:paymentsheet:20.34.4] AndroidManifest.xml:18:9-22:58
158            android:name="com.stripe.android.customersheet.CustomerSheetActivity"
158-->[com.stripe:paymentsheet:20.34.4] AndroidManifest.xml:19:13-82
159            android:exported="false"
159-->[com.stripe:paymentsheet:20.34.4] AndroidManifest.xml:20:13-37
160            android:theme="@style/StripePaymentSheetDefaultTheme"
160-->[com.stripe:paymentsheet:20.34.4] AndroidManifest.xml:21:13-66
161            android:windowSoftInputMode="adjustResize" />
161-->[com.stripe:paymentsheet:20.34.4] AndroidManifest.xml:22:13-55
162        <activity
162-->[com.stripe:paymentsheet:20.34.4] AndroidManifest.xml:23:9-26:69
163            android:name="com.stripe.android.paymentsheet.addresselement.AddressElementActivity"
163-->[com.stripe:paymentsheet:20.34.4] AndroidManifest.xml:24:13-97
164            android:exported="false"
164-->[com.stripe:paymentsheet:20.34.4] AndroidManifest.xml:25:13-37
165            android:theme="@style/StripePaymentSheetDefaultTheme" />
165-->[com.stripe:paymentsheet:20.34.4] AndroidManifest.xml:26:13-66
166        <activity
166-->[com.stripe:paymentsheet:20.34.4] AndroidManifest.xml:27:9-30:69
167            android:name="com.stripe.android.paymentsheet.paymentdatacollection.bacs.BacsMandateConfirmationActivity"
167-->[com.stripe:paymentsheet:20.34.4] AndroidManifest.xml:28:13-118
168            android:exported="false"
168-->[com.stripe:paymentsheet:20.34.4] AndroidManifest.xml:29:13-37
169            android:theme="@style/StripePaymentSheetDefaultTheme" />
169-->[com.stripe:paymentsheet:20.34.4] AndroidManifest.xml:30:13-66
170        <activity
170-->[com.stripe:paymentsheet:20.34.4] AndroidManifest.xml:31:9-34:69
171            android:name="com.stripe.android.paymentsheet.paymentdatacollection.polling.PollingActivity"
171-->[com.stripe:paymentsheet:20.34.4] AndroidManifest.xml:32:13-105
172            android:exported="false"
172-->[com.stripe:paymentsheet:20.34.4] AndroidManifest.xml:33:13-37
173            android:theme="@style/StripePaymentSheetDefaultTheme" />
173-->[com.stripe:paymentsheet:20.34.4] AndroidManifest.xml:34:13-66
174        <activity
174-->[com.stripe:paymentsheet:20.34.4] AndroidManifest.xml:35:9-38:69
175            android:name="com.stripe.android.paymentsheet.ui.SepaMandateActivity"
175-->[com.stripe:paymentsheet:20.34.4] AndroidManifest.xml:36:13-82
176            android:exported="false"
176-->[com.stripe:paymentsheet:20.34.4] AndroidManifest.xml:37:13-37
177            android:theme="@style/StripePaymentSheetDefaultTheme" />
177-->[com.stripe:paymentsheet:20.34.4] AndroidManifest.xml:38:13-66
178        <activity
178-->[com.stripe:link:20.34.4] AndroidManifest.xml:8:9-13:61
179            android:name="com.stripe.android.link.LinkForegroundActivity"
179-->[com.stripe:link:20.34.4] AndroidManifest.xml:9:13-74
180            android:autoRemoveFromRecents="true"
180-->[com.stripe:link:20.34.4] AndroidManifest.xml:10:13-49
181            android:configChanges="orientation|keyboard|keyboardHidden|screenLayout|screenSize|smallestScreenSize"
181-->[com.stripe:link:20.34.4] AndroidManifest.xml:11:13-115
182            android:launchMode="singleTop"
182-->[com.stripe:link:20.34.4] AndroidManifest.xml:12:13-43
183            android:theme="@style/StripeTransparentTheme" />
183-->[com.stripe:link:20.34.4] AndroidManifest.xml:13:13-58
184        <activity
184-->[com.stripe:link:20.34.4] AndroidManifest.xml:14:9-31:20
185            android:name="com.stripe.android.link.LinkRedirectHandlerActivity"
185-->[com.stripe:link:20.34.4] AndroidManifest.xml:15:13-79
186            android:autoRemoveFromRecents="true"
186-->[com.stripe:link:20.34.4] AndroidManifest.xml:16:13-49
187            android:exported="true"
187-->[com.stripe:link:20.34.4] AndroidManifest.xml:17:13-36
188            android:launchMode="singleInstance"
188-->[com.stripe:link:20.34.4] AndroidManifest.xml:18:13-48
189            android:theme="@style/StripeTransparentTheme" >
189-->[com.stripe:link:20.34.4] AndroidManifest.xml:19:13-58
190            <intent-filter>
190-->[com.stripe:link:20.34.4] AndroidManifest.xml:20:13-30:29
191                <action android:name="android.intent.action.VIEW" />
191-->[com.stripe:financial-connections:20.34.4] AndroidManifest.xml:14:13-65
191-->[com.stripe:financial-connections:20.34.4] AndroidManifest.xml:14:21-62
192
193                <category android:name="android.intent.category.DEFAULT" />
193-->[com.stripe:financial-connections:20.34.4] AndroidManifest.xml:28:17-76
193-->[com.stripe:financial-connections:20.34.4] AndroidManifest.xml:28:27-73
194                <category android:name="android.intent.category.BROWSABLE" />
194-->[com.stripe:financial-connections:20.34.4] AndroidManifest.xml:29:17-78
194-->[com.stripe:financial-connections:20.34.4] AndroidManifest.xml:29:27-75
195
196                <data
196-->src/main/AndroidManifest.xml:39:13-50
197                    android:host="complete"
198                    android:path="/com.example.language_learning_app"
199                    android:scheme="link-popup" />
200            </intent-filter>
201        </activity>
202        <activity
202-->[com.stripe:payments-ui-core:20.34.4] AndroidManifest.xml:8:9-11:69
203            android:name="com.stripe.android.ui.core.cardscan.CardScanActivity"
203-->[com.stripe:payments-ui-core:20.34.4] AndroidManifest.xml:9:13-80
204            android:exported="false"
204-->[com.stripe:payments-ui-core:20.34.4] AndroidManifest.xml:10:13-37
205            android:theme="@style/StripePaymentSheetDefaultTheme" />
205-->[com.stripe:payments-ui-core:20.34.4] AndroidManifest.xml:11:13-66
206        <activity
206-->[com.stripe:payments-core:20.34.4] AndroidManifest.xml:15:9-18:57
207            android:name="com.stripe.android.view.AddPaymentMethodActivity"
207-->[com.stripe:payments-core:20.34.4] AndroidManifest.xml:16:13-76
208            android:exported="false"
208-->[com.stripe:payments-core:20.34.4] AndroidManifest.xml:17:13-37
209            android:theme="@style/StripeDefaultTheme" />
209-->[com.stripe:payments-core:20.34.4] AndroidManifest.xml:18:13-54
210        <activity
210-->[com.stripe:payments-core:20.34.4] AndroidManifest.xml:19:9-22:57
211            android:name="com.stripe.android.view.PaymentMethodsActivity"
211-->[com.stripe:payments-core:20.34.4] AndroidManifest.xml:20:13-74
212            android:exported="false"
212-->[com.stripe:payments-core:20.34.4] AndroidManifest.xml:21:13-37
213            android:theme="@style/StripeDefaultTheme" />
213-->[com.stripe:payments-core:20.34.4] AndroidManifest.xml:22:13-54
214        <activity
214-->[com.stripe:payments-core:20.34.4] AndroidManifest.xml:23:9-26:57
215            android:name="com.stripe.android.view.PaymentFlowActivity"
215-->[com.stripe:payments-core:20.34.4] AndroidManifest.xml:24:13-71
216            android:exported="false"
216-->[com.stripe:payments-core:20.34.4] AndroidManifest.xml:25:13-37
217            android:theme="@style/StripeDefaultTheme" />
217-->[com.stripe:payments-core:20.34.4] AndroidManifest.xml:26:13-54
218        <activity
218-->[com.stripe:payments-core:20.34.4] AndroidManifest.xml:27:9-31:58
219            android:name="com.stripe.android.view.PaymentAuthWebViewActivity"
219-->[com.stripe:payments-core:20.34.4] AndroidManifest.xml:28:13-78
220            android:exported="false"
220-->[com.stripe:payments-core:20.34.4] AndroidManifest.xml:29:13-37
221            android:theme="@style/StripeDefaultTheme"
221-->[com.stripe:payments-core:20.34.4] AndroidManifest.xml:30:13-54
222            android:windowSoftInputMode="adjustResize" />
222-->[com.stripe:payments-core:20.34.4] AndroidManifest.xml:31:13-55
223        <activity
223-->[com.stripe:payments-core:20.34.4] AndroidManifest.xml:32:9-35:61
224            android:name="com.stripe.android.view.PaymentRelayActivity"
224-->[com.stripe:payments-core:20.34.4] AndroidManifest.xml:33:13-72
225            android:exported="false"
225-->[com.stripe:payments-core:20.34.4] AndroidManifest.xml:34:13-37
226            android:theme="@style/StripeTransparentTheme" />
226-->[com.stripe:payments-core:20.34.4] AndroidManifest.xml:35:13-58
227        <!--
228        Set android:launchMode="singleTop" so that the StripeBrowserLauncherActivity instance that
229        launched the browser Activity will also handle the return URL deep link.
230        -->
231        <activity
231-->[com.stripe:payments-core:20.34.4] AndroidManifest.xml:41:9-45:61
232            android:name="com.stripe.android.payments.StripeBrowserLauncherActivity"
232-->[com.stripe:payments-core:20.34.4] AndroidManifest.xml:42:13-85
233            android:exported="false"
233-->[com.stripe:payments-core:20.34.4] AndroidManifest.xml:43:13-37
234            android:launchMode="singleTask"
234-->[com.stripe:payments-core:20.34.4] AndroidManifest.xml:44:13-44
235            android:theme="@style/StripeTransparentTheme" />
235-->[com.stripe:payments-core:20.34.4] AndroidManifest.xml:45:13-58
236        <activity
236-->[com.stripe:payments-core:20.34.4] AndroidManifest.xml:46:9-63:20
237            android:name="com.stripe.android.payments.StripeBrowserProxyReturnActivity"
237-->[com.stripe:payments-core:20.34.4] AndroidManifest.xml:47:13-88
238            android:exported="true"
238-->[com.stripe:payments-core:20.34.4] AndroidManifest.xml:48:13-36
239            android:launchMode="singleTask"
239-->[com.stripe:payments-core:20.34.4] AndroidManifest.xml:49:13-44
240            android:theme="@style/StripeTransparentTheme" >
240-->[com.stripe:payments-core:20.34.4] AndroidManifest.xml:50:13-58
241            <intent-filter>
241-->[com.stripe:payments-core:20.34.4] AndroidManifest.xml:51:13-62:29
242                <action android:name="android.intent.action.VIEW" />
242-->[com.stripe:financial-connections:20.34.4] AndroidManifest.xml:14:13-65
242-->[com.stripe:financial-connections:20.34.4] AndroidManifest.xml:14:21-62
243
244                <category android:name="android.intent.category.DEFAULT" />
244-->[com.stripe:financial-connections:20.34.4] AndroidManifest.xml:28:17-76
244-->[com.stripe:financial-connections:20.34.4] AndroidManifest.xml:28:27-73
245                <category android:name="android.intent.category.BROWSABLE" />
245-->[com.stripe:financial-connections:20.34.4] AndroidManifest.xml:29:17-78
245-->[com.stripe:financial-connections:20.34.4] AndroidManifest.xml:29:27-75
246
247                <!-- Must match `DefaultReturnUrl#value`. -->
248                <data
248-->src/main/AndroidManifest.xml:39:13-50
249                    android:host="payment_return_url"
250                    android:path="/com.example.language_learning_app"
251                    android:scheme="stripesdk" />
252            </intent-filter>
253        </activity>
254        <activity
254-->[com.stripe:payments-core:20.34.4] AndroidManifest.xml:64:9-67:57
255            android:name="com.stripe.android.payments.core.authentication.threeds2.Stripe3ds2TransactionActivity"
255-->[com.stripe:payments-core:20.34.4] AndroidManifest.xml:65:13-114
256            android:exported="false"
256-->[com.stripe:payments-core:20.34.4] AndroidManifest.xml:66:13-37
257            android:theme="@style/StripeDefaultTheme" />
257-->[com.stripe:payments-core:20.34.4] AndroidManifest.xml:67:13-54
258        <activity
258-->[com.stripe:payments-core:20.34.4] AndroidManifest.xml:68:9-71:66
259            android:name="com.stripe.android.googlepaylauncher.GooglePayLauncherActivity"
259-->[com.stripe:payments-core:20.34.4] AndroidManifest.xml:69:13-90
260            android:exported="false"
260-->[com.stripe:payments-core:20.34.4] AndroidManifest.xml:70:13-37
261            android:theme="@style/StripeGooglePayDefaultTheme" />
261-->[com.stripe:payments-core:20.34.4] AndroidManifest.xml:71:13-63
262        <activity
262-->[com.stripe:payments-core:20.34.4] AndroidManifest.xml:72:9-75:66
263            android:name="com.stripe.android.googlepaylauncher.GooglePayPaymentMethodLauncherActivity"
263-->[com.stripe:payments-core:20.34.4] AndroidManifest.xml:73:13-103
264            android:exported="false"
264-->[com.stripe:payments-core:20.34.4] AndroidManifest.xml:74:13-37
265            android:theme="@style/StripeGooglePayDefaultTheme" />
265-->[com.stripe:payments-core:20.34.4] AndroidManifest.xml:75:13-63
266        <activity
266-->[com.stripe:payments-core:20.34.4] AndroidManifest.xml:76:9-79:68
267            android:name="com.stripe.android.payments.paymentlauncher.PaymentLauncherConfirmationActivity"
267-->[com.stripe:payments-core:20.34.4] AndroidManifest.xml:77:13-107
268            android:exported="false"
268-->[com.stripe:payments-core:20.34.4] AndroidManifest.xml:78:13-37
269            android:theme="@style/StripePayLauncherDefaultTheme" />
269-->[com.stripe:payments-core:20.34.4] AndroidManifest.xml:79:13-65
270        <activity
270-->[com.stripe:payments-core:20.34.4] AndroidManifest.xml:80:9-83:61
271            android:name="com.stripe.android.payments.bankaccount.ui.CollectBankAccountActivity"
271-->[com.stripe:payments-core:20.34.4] AndroidManifest.xml:81:13-97
272            android:exported="false"
272-->[com.stripe:payments-core:20.34.4] AndroidManifest.xml:82:13-37
273            android:theme="@style/StripeTransparentTheme" />
273-->[com.stripe:payments-core:20.34.4] AndroidManifest.xml:83:13-58
274
275        <service
275-->[:firebase_auth] AndroidManifest.xml:8:9-12:19
276            android:name="com.google.firebase.components.ComponentDiscoveryService"
276-->[:firebase_auth] AndroidManifest.xml:8:18-89
277            android:directBootAware="true"
277-->[com.google.firebase:firebase-common:21.0.0] AndroidManifest.xml:32:13-43
278            android:exported="false" >
278-->[com.google.firebase:firebase-auth:23.2.0] AndroidManifest.xml:68:13-37
279            <meta-data
279-->[:firebase_auth] AndroidManifest.xml:9:13-11:85
280                android:name="com.google.firebase.components:io.flutter.plugins.firebase.auth.FlutterFirebaseAuthRegistrar"
280-->[:firebase_auth] AndroidManifest.xml:10:17-124
281                android:value="com.google.firebase.components.ComponentRegistrar" />
281-->[:firebase_auth] AndroidManifest.xml:11:17-82
282            <meta-data
282-->[:cloud_firestore] AndroidManifest.xml:9:13-11:85